[2022-04-04T07:03:34+00:00][critical] User: '' Not Register succesfully due to following reason: <br>user_name is required<br>user_email is required<br>user_password is required
[2022-04-04T07:04:01+00:00][critical] User: '' Not Register succesfully due to following reason: <br>user_name is required<br>user_email is required<br>user_password is required
[2022-04-04T07:04:55+00:00][critical] User: '' Not Register succesfully due to following reason: <br>user_name is required<br>user_email is required<br>user_password is required
[2022-04-04T07:05:29+00:00][critical] User: '' Not Register succesfully due to following reason: <br>user_name is required<br>user_email is required<br>user_password is required
[2022-04-04T07:05:31+00:00][critical] User: '' Not Register succesfully due to following reason: <br>user_name is required<br>user_email is required<br>user_password is required
[2022-04-04T07:05:37+00:00][critical] User: '' Not Register succesfully due to following reason: <br>user_name is required<br>user_email is required<br>user_password is required
[2022-04-04T07:06:09+00:00][critical] User: '' Not Register succesfully due to following reason: <br>user_name is required<br>user_email is required<br>user_password is required
[2022-04-04T07:06:24+00:00][critical] User: '' Not Register succesfully due to following reason: <br>user_name is required<br>user_email is required<br>user_password is required
[2022-04-04T07:06:25+00:00][critical] User: '' Not Register succesfully due to following reason: <br>user_name is required<br>user_email is required<br>user_password is required
[2022-04-04T07:06:26+00:00][critical] User: '' Not Register succesfully due to following reason: <br>user_name is required<br>user_email is required<br>user_password is required
[2022-04-04T07:06:26+00:00][critical] User: '' Not Register succesfully due to following reason: <br>user_name is required<br>user_email is required<br>user_password is required
[2022-04-04T07:06:26+00:00][critical] User: '' Not Register succesfully due to following reason: <br>user_name is required<br>user_email is required<br>user_password is required
[2022-04-04T07:15:01+00:00][critical] User: '' Not Register succesfully due to following reason: <br>user_name is required<br>user_email is required<br>user_password is required
[2022-04-04T07:26:15+00:00][critical] User: '' Not Register succesfully due to following reason: <br>user_name is required<br>user_email is required<br>user_password is required
[2022-04-04T07:26:23+00:00][info] User Registered: 'anugrahvishwaspaul@cedcoss.com'
[2022-04-04T07:51:18+00:00][info] User Logged: 'anugrahvishwaspaul@cedcoss.com'
[2022-04-04T08:25:52+00:00][info] User Logged: 'anugrahvishwaspaul@cedcoss.com'
[2022-04-04T08:26:01+00:00][info] User Logged Out: 'anugrahvishwaspaul@cedcoss.com'
[2022-04-04T09:37:37+00:00][info] User Logged In: 'anugrahvishwaspaul@cedcoss.com'
[2022-04-04T09:59:57+00:00][info] User Logged Out: 'anugrahvishwaspaul@cedcoss.com'
[2022-04-04T10:02:36+00:00][info] User Logged In: 'anugrahvishwaspaul@cedcoss.com'
[2022-04-04T10:03:17+00:00][info] User Logged Out: 'anugrahvishwaspaul@cedcoss.com'
[2022-04-04T10:03:21+00:00][info] User Logged In: 'anugrahvishwaspaul@cedcoss.com'
[2022-04-04T10:44:24+00:00][info] Product Added: '1'
[2022-04-04T11:29:55+00:00][critical] Order Not Added succesfully due to following reason: <br>date is required
[2022-04-04T11:30:12+00:00][critical] Order Not Added succesfully due to following reason: <br>date is required
[2022-04-04T11:31:39+00:00][critical] Order Not Added succesfully due to following reason: <br>date is required
[2022-04-04T11:32:37+00:00][info] Order Added: '1'
